{"name": "test_demo", "status": "failed", "statusDetails": {"message": "AssertionError: assert 3 == 4", "trace": "@pytest.mark.flaky(reruns=2,reruns_delay=2)\n    def test_demo():\n>       assert 3==4\nE       assert 3 == 4\n\ntest_pytest-html-report.py:21: AssertionError"}, "start": 1641970766432, "stop": 1641970766432, "uuid": "0ab99162-f958-4e46-87a7-d6cf03f027df", "historyId": "34f554807f1f8a9cf3bd82b37327dcd1", "testCaseId": "265f9219cb3557d8eb5988d89913e652", "fullName": "test_pytest-html-report#test_demo", "labels": [{"name": "tag", "value": "flaky(reruns=2, reruns_delay=2)"}, {"name": "suite", "value": "test_pytest-html-report"}, {"name": "host", "value": "liyinchideMacBook-Pro.local"}, {"name": "thread", "value": "89996-MainThread"}, {"name": "framework", "value": "pytest"}, {"name": "language", "value": "cpython3"}, {"name": "package", "value": "test_pytest-html-report"}]}